Change Footprint: Footprint Not Found PRTR5V0U2X
Add Component: Footprint Not Found L-0603
Add Component: Footprint Not Found L-0603
Add Component: Footprint Not Found L-0603
Added Component: Designator=Y2(XTAL_ECS-240-10-33-AGM-TR)
Add component (AddParameter): Name = "Availability"; Value = "Unavailable"; VariantName = "[No Variations]"
Add component (AddParameter): Name = "MF"; Value = ""; VariantName = "[No Variations]"
Add component (AddParameter): Name = "MP"; Value = "ECS-240-10-33-AGM-TR"; VariantName = "[No Variations]"
Add component (AddParameter): Name = "Package"; Value = "None"; VariantName = "[No Variations]"
Add component (AddParameter): Name = "Price"; Value = "None"; VariantName = "[No Variations]"
Add component (AddParameter): Name = "Value"; Value = ""; VariantName = "[No Variations]"
Add Pin To Net: Unknown Pin: Pin D1-3
Add Pin To Net: Unknown Pin: Pin D1-4
Add Pin To Net: Unknown Pin: Pin L4-1
Add Pin To Net: Unknown Pin: Pin L4-2
Add Pin To Net: Unknown Pin: Pin L5-1
Add Pin To Net: Unknown Pin: Pin L5-2
Add Pin To Net: Unknown Pin: Pin L6-1
Add Pin To Net: Unknown Pin: Pin L6-2
Added Pin To Net: NetName=XC2_B Pin=Y2-1
Added Pin To Net: NetName=GND Pin=Y2-2
Added Pin To Net: NetName=XC1_B Pin=Y2-3
Added Pin To Net: NetName=GND Pin=Y2-4
Add Class Member: Failed to add class member : Component L4 47uH
Add Class Member: Failed to add class member : Component L5 3.3nH
Add Class Member: Failed to add class member : Component L6 1.3nF
Added Member To Class: ClassName=Dual_Holding_Dongle Member=Component Y2 ECS-240-10-33-AGM-TR
